<?xml version="1.0" encoding="UTF-8"?>
<!-- Generated by org.testng.reporters.JUnitReportReporter -->
<testsuite skipped="0" hostname="LAPTOP-6DU6QUJB" name="testNGExamples.NewTest" tests="2" failures="0" timestamp="2021-04-23T11:25:08 IST" time="0.003" errors="0">
  <testcase name="first" time="0.001" classname="testNGExamples.NewTest"/>
  <system-out/>
  <testcase name="second" time="0.002" classname="testNGExamples.NewTest"/>
  <system-out/>
</testsuite> <!-- testNGExamples.NewTest -->
