<?xml version="1.0" encoding="UTF-8"?>
<!-- Generated by org.testng.reporters.JUnitReportReporter -->
<testsuite skipped="0" hostname="LAPTOP-6DU6QUJB" name="projectLMS.Activity1" tests="1" failures="0" timestamp="2021-04-27T11:01:20 IST" time="15.111" errors="0">
  <testcase name="title_Validation" time="15.111" classname="projectLMS.Activity1"/>
  <system-out/>
</testsuite> <!-- projectLMS.Activity1 -->
