<?xml version="1.0" encoding="UTF-8"?>
<!-- Generated by org.testng.reporters.JUnitReportReporter -->
<testsuite skipped="0" hostname="LAPTOP-6DU6QUJB" name="projectLMS.Activity8" tests="1" failures="0" timestamp="2021-04-27T23:17:10 IST" time="18.837" errors="0">
  <testcase name="contactUs" time="18.837" classname="projectLMS.Activity8"/>
  <system-out/>
</testsuite> <!-- projectLMS.Activity8 -->
