<?xml version="1.0" encoding="UTF-8"?>
<!-- Generated by org.testng.reporters.JUnitReportReporter -->
<testsuite skipped="0" hostname="LAPTOP-6DU6QUJB" name="testNGTests.Activity6" tests="1" failures="0" timestamp="2021-04-28T11:09:36 IST" time="0.474" errors="0">
  <testcase name="login" time="0.474" classname="testNGTests.Activity6"/>
  <system-out/>
</testsuite> <!-- testNGTests.Activity6 -->
