<?xml version="1.0" encoding="UTF-8"?>
<!-- Generated by org.testng.reporters.JUnitReportReporter -->
<testsuite skipped="0" hostname="LAPTOP-6DU6QUJB" name="testNGActivities.Activity1" tests="1" failures="0" timestamp="2021-04-23T11:44:29 IST" time="13.817" errors="0">
  <testcase name="test" time="13.817" classname="testNGActivities.Activity1"/>
  <system-out/>
</testsuite> <!-- testNGActivities.Activity1 -->
