<?xml version="1.0" encoding="UTF-8"?>
<!-- Generated by org.testng.reporters.JUnitReportReporter -->
<testsuite skipped="0" hostname="LAPTOP-6DU6QUJB" name="projectLMS.Activity9" tests="2" failures="0" timestamp="2021-04-28T09:44:37 IST" time="10.735" errors="0">
  <testcase name="All_courses" time="5.280" classname="projectLMS.Activity9"/>
  <system-out/>
  <testcase name="login" time="5.455" classname="projectLMS.Activity9"/>
  <system-out/>
</testsuite> <!-- projectLMS.Activity9 -->
