<?xml version="1.0" encoding="UTF-8"?>
<!-- Generated by org.testng.reporters.JUnitReportReporter -->
<testsuite skipped="0" hostname="LAPTOP-6DU6QUJB" name="testNGTests.Activity1" tests="1" failures="0" timestamp="2021-04-28T11:54:50 IST" time="19.048" errors="0">
  <testcase name="test" time="19.048" classname="testNGTests.Activity1"/>
  <system-out/>
</testsuite> <!-- testNGTests.Activity1 -->
