<?xml version="1.0" encoding="UTF-8"?>
<!-- Generated by org.testng.reporters.JUnitReportReporter -->
<testsuite skipped="0" hostname="LAPTOP-6DU6QUJB" name="projectLMS.Activity2" tests="1" failures="0" timestamp="2021-04-27T11:06:09 IST" time="17.403" errors="0">
  <testcase name="header_Validation" time="17.403" classname="projectLMS.Activity2"/>
  <system-out/>
</testsuite> <!-- projectLMS.Activity2 -->
