<?xml version="1.0" encoding="UTF-8"?>
<!-- Generated by org.testng.reporters.JUnitReportReporter -->
<testsuite skipped="0" hostname="LAPTOP-6DU6QUJB" name="suiteExample.DemoOne" tests="2" failures="0" timestamp="2021-04-28T17:41:39 IST" time="0.007" errors="0">
  <testcase name="firstTestCase" time="0.006" classname="suiteExample.DemoOne"/>
  <system-out/>
  <testcase name="secondTestCase" time="0.001" classname="suiteExample.DemoOne"/>
  <system-out/>
</testsuite> <!-- suiteExample.DemoOne -->
