<?xml version="1.0" encoding="UTF-8"?>
<!-- Generated by org.testng.reporters.JUnitReportReporter -->
<testsuite skipped="0" hostname="LAPTOP-6DU6QUJB" name="projectLMS.Activity3" tests="1" failures="0" timestamp="2021-04-27T11:20:06 IST" time="14.986" errors="0">
  <testcase name="header3_1_Validation" time="14.986" classname="projectLMS.Activity3"/>
  <system-out/>
</testsuite> <!-- projectLMS.Activity3 -->
