<?xml version="1.0" encoding="UTF-8"?>
<!-- Generated by org.testng.reporters.JUnitReportReporter -->
<testsuite skipped="0" hostname="LAPTOP-6DU6QUJB" name="testNGTests.Activity3" tests="1" failures="0" timestamp="2021-04-28T11:54:50 IST" time="0.797" errors="0">
  <testcase name="testcase1" time="0.797" classname="testNGTests.Activity3"/>
  <system-out/>
</testsuite> <!-- testNGTests.Activity3 -->
