<?xml version="1.0" encoding="UTF-8"?>
<!-- Generated by org.testng.reporters.JUnitReportReporter -->
<testsuite skipped="0" hostname="LAPTOP-6DU6QUJB" name="testNGTests.Activity9" tests="3" failures="0" timestamp="2021-04-28T17:28:55 IST" time="0.410" errors="0">
  <testcase name="confirmAlertTestCase" time="0.140" classname="testNGTests.Activity9"/>
  <system-out>
Confirm Alert button is clicked Switched to Confirm Alert  Alert text is: This is a JavaScript Confirmation! | Confirm Alert test case is completed  </system-out>
  <testcase name="simpleAlertTestCase" time="0.125" classname="testNGTests.Activity9"/>
  <system-out>
Simple Alert button is clicked Switched to Simple Alert  Alert text is: This is a JavaScript Alert! | Alert closed Simple Alert Test case ended |  </system-out>
  <testcase name="promptAlertTestCase" time="0.145" classname="testNGTests.Activity9"/>
  <system-out>
Prompt Alert button is clicked Wsitched to prompt Alert Alert text is: This is a JavaScript Prompt! | Messgae send to promt alerts End of promt alert  </system-out>
</testsuite> <!-- testNGTests.Activity9 -->
