<?xml version="1.0" encoding="UTF-8"?>
<!-- Generated by org.testng.reporters.JUnitReportReporter -->
<testsuite skipped="0" hostname="LAPTOP-6DU6QUJB" name="testNGExamples.NewTest2" tests="1" failures="0" timestamp="2021-04-23T11:28:05 IST" time="0.003" errors="0">
  <testcase name="forth" time="0.003" classname="testNGExamples.NewTest2"/>
  <system-out/>
</testsuite> <!-- testNGExamples.NewTest2 -->
