<?xml version="1.0" encoding="UTF-8"?>
<!-- Generated by org.testng.reporters.JUnitReportReporter -->
<testsuite skipped="0" hostname="LAPTOP-6DU6QUJB" name="testNGTests.Activity5" tests="5" failures="0" timestamp="2021-04-28T11:54:50 IST" time="0.395" errors="0">
  <testcase name="testcase2" time="0.169" classname="testNGTests.Activity5"/>
  <system-out/>
  <testcase name="testcase1" time="0.019" classname="testNGTests.Activity5"/>
  <system-out/>
  <testcase name="testcase3" time="0.106" classname="testNGTests.Activity5"/>
  <system-out/>
  <testcase name="testcase4" time="0.054" classname="testNGTests.Activity5"/>
  <system-out/>
  <testcase name="testcase5" time="0.047" classname="testNGTests.Activity5"/>
  <system-out/>
</testsuite> <!-- testNGTests.Activity5 -->
