<?xml version="1.0" encoding="UTF-8"?>
<!-- Generated by org.testng.reporters.JUnitReportReporter -->
<testsuite skipped="0" hostname="LAPTOP-6DU6QUJB" name="testNGTests.Activity7" tests="2" failures="0" timestamp="2021-04-28T11:44:50 IST" time="1.004" errors="0">
  <testcase name="login_dataProvider" time="0.437" classname="testNGTests.Activity7"/>
  <system-out/>
  <testcase name="login_dataProvider" time="0.567" classname="testNGTests.Activity7"/>
  <system-out/>
</testsuite> <!-- testNGTests.Activity7 -->
