<?xml version="1.0" encoding="UTF-8"?>
<!-- Generated by org.testng.reporters.JUnitReportReporter -->
<testsuite skipped="0" hostname="LAPTOP-6DU6QUJB" name="projectLMS.Activity4" tests="1" failures="0" timestamp="2021-04-28T09:42:53 IST" time="17.540" errors="0">
  <testcase name="header3_2_Validation" time="17.540" classname="projectLMS.Activity4"/>
  <system-out/>
</testsuite> <!-- projectLMS.Activity4 -->
