<?xml version="1.0" encoding="UTF-8"?>
<!-- Generated by org.testng.reporters.JUnitReportReporter -->
<testsuite skipped="0" hostname="LAPTOP-6DU6QUJB" name="suiteExample.DemoTwo" tests="1" failures="0" timestamp="2021-04-28T17:41:39 IST" time="0.001" errors="0">
  <testcase name="TestCase" time="0.001" classname="suiteExample.DemoTwo"/>
  <system-out/>
</testsuite> <!-- suiteExample.DemoTwo -->
