<?xml version="1.0" encoding="UTF-8"?>
<!-- Generated by org.testng.reporters.JUnitReportReporter -->
<testsuite skipped="0" hostname="LAPTOP-6DU6QUJB" name="projectLMS.Activity5" tests="1" failures="0" timestamp="2021-04-27T11:36:36 IST" time="15.323" errors="0">
  <testcase name="myAccount_title_Val" time="15.323" classname="projectLMS.Activity5"/>
  <system-out/>
</testsuite> <!-- projectLMS.Activity5 -->
