<?xml version="1.0" encoding="UTF-8"?>
<!-- Generated by org.testng.reporters.JUnitReportReporter -->
<testsuite skipped="0" hostname="LAPTOP-6DU6QUJB" name="projectLMS.activity6" tests="1" failures="0" timestamp="2021-04-27T21:19:33 IST" time="23.118" errors="0">
  <testcase name="myAccount_login" time="23.118" classname="projectLMS.activity6"/>
  <system-out/>
</testsuite> <!-- projectLMS.activity6 -->
