<?xml version="1.0" encoding="UTF-8"?>
<!-- Generated by org.testng.reporters.JUnitReportReporter -->
<testsuite skipped="0" hostname="LAPTOP-6DU6QUJB" name="projectLMS.Activity7" tests="1" failures="0" timestamp="2021-04-27T22:58:04 IST" time="17.543" errors="0">
  <testcase name="myAccount_login" time="17.543" classname="projectLMS.Activity7"/>
  <system-out/>
</testsuite> <!-- projectLMS.Activity7 -->
